# JRE version: Java(TM) SE Runtime Environment (8.0_241-b07) (build 1.8.0_241-b07)
# Java VM: Java HotSpot(TM) 64-Bit Server VM (25.241-b07 mixed mode windows-amd64 compressed oops)
Heap:
 PSYoungGen      total 61952K, used 20743K [0x00000000daf00000, 0x00000000df000000, 0x0000000100000000)
  eden space 57344K, 36% used [0x00000000daf00000,0x00000000dc341f80,0x00000000de700000)
  from space 4608K, 0% used [0x00000000de700000,0x00000000de700000,0x00000000deb80000)
  to   space 4608K, 0% used [0x00000000deb80000,0x00000000deb80000,0x00000000df000000)
 ParOldGen       total 51200K, used 4246K [0x0000000090c00000, 0x0000000093e00000, 0x00000000daf00000)
  object space 51200K, 8% used [0x0000000090c00000,0x0000000091025b28,0x0000000093e00000)
 Metaspace       used 14710K, capacity 15064K, committed 15232K, reserved 1064960K
  class space    used 1825K, capacity 1915K, committed 1920K, reserved 1048576K
GC Heap History (8 events):
Event: 0.559 GC heap before
{Heap before GC invocations=1 (full 0):
 PSYoungGen      total 33280K, used 28672K [0x00000000daf00000, 0x00000000dd400000, 0x0000000100000000)
  eden space 28672K, 100% used [0x00000000daf00000,0x00000000dcb00000,0x00000000dcb00000)
  from space 4608K, 0% used [0x00000000dcf80000,0x00000000dcf80000,0x00000000dd400000)
  to   space 4608K, 0% used [0x00000000dcb00000,0x00000000dcb00000,0x00000000dcf80000)
 ParOldGen       total 76800K, used 0K [0x0000000090c00000, 0x0000000095700000, 0x00000000daf00000)
  object space 76800K, 0% used [0x0000000090c00000,0x0000000090c00000,0x0000000095700000)
 Metaspace       used 7745K, capacity 8008K, committed 8320K, reserved 1056768K
  class space    used 978K, capacity 1052K, committed 1152K, reserved 1048576K
Event: 0.565 GC heap after
Heap after GC invocations=1 (full 0):
 PSYoungGen      total 33280K, used 4598K [0x00000000daf00000, 0x00000000df000000, 0x0000000100000000)
  eden space 28672K, 0% used [0x00000000daf00000,0x00000000daf00000,0x00000000dcb00000)
  from space 4608K, 99% used [0x00000000dcb00000,0x00000000dcf7d910,0x00000000dcf80000)
  to   space 4608K, 0% used [0x00000000deb80000,0x00000000deb80000,0x00000000df000000)
 ParOldGen       total 76800K, used 139K [0x0000000090c00000, 0x0000000095700000, 0x00000000daf00000)
  object space 76800K, 0% used [0x0000000090c00000,0x0000000090c22ff0,0x0000000095700000)
 Metaspace       used 7745K, capacity 8008K, committed 8320K, reserved 1056768K
  class space    used 978K, capacity 1052K, committed 1152K, reserved 1048576K
}
Event: 0.894 GC heap before
{Heap before GC invocations=2 (full 0):
 PSYoungGen      total 33280K, used 33270K [0x00000000daf00000, 0x00000000df000000, 0x0000000100000000)
  eden space 28672K, 100% used [0x00000000daf00000,0x00000000dcb00000,0x00000000dcb00000)
  from space 4608K, 99% used [0x00000000dcb00000,0x00000000dcf7d910,0x00000000dcf80000)
  to   space 4608K, 0% used [0x00000000deb80000,0x00000000deb80000,0x00000000df000000)
 ParOldGen       total 76800K, used 139K [0x0000000090c00000, 0x0000000095700000, 0x00000000daf00000)
  object space 76800K, 0% used [0x0000000090c00000,0x0000000090c22ff0,0x0000000095700000)
 Metaspace       used 11244K, capacity 11458K, committed 11520K, reserved 1058816K
  class space    used 1423K, capacity 1514K, committed 1536K, reserved 1048576K
Event: 0.902 GC heap after
Heap after GC invocations=2 (full 0):
 PSYoungGen      total 61952K, used 4602K [0x00000000daf00000, 0x00000000df000000, 0x0000000100000000)
  eden space 57344K, 0% used [0x00000000daf00000,0x00000000daf00000,0x00000000de700000)
  from space 4608K, 99% used [0x00000000deb80000,0x00000000deffe858,0x00000000df000000)
  to   space 4608K, 0% used [0x00000000de700000,0x00000000de700000,0x00000000deb80000)
 ParOldGen       total 76800K, used 2154K [0x0000000090c00000, 0x0000000095700000, 0x00000000daf00000)
  object space 76800K, 2% used [0x0000000090c00000,0x0000000090e1a9a0,0x0000000095700000)
 Metaspace       used 11244K, capacity 11458K, committed 11520K, reserved 1058816K
  class space    used 1423K, capacity 1514K, committed 1536K, reserved 1048576K
}
Event: 1.081 GC heap before
{Heap before GC invocations=3 (full 0):
 PSYoungGen      total 61952K, used 15155K [0x00000000daf00000, 0x00000000df000000, 0x0000000100000000)
  eden space 57344K, 18% used [0x00000000daf00000,0x00000000db94e5a0,0x00000000de700000)
  from space 4608K, 99% used [0x00000000deb80000,0x00000000deffe858,0x00000000df000000)
  to   space 4608K, 0% used [0x00000000de700000,0x00000000de700000,0x00000000deb80000)
 ParOldGen       total 76800K, used 2154K [0x0000000090c00000, 0x0000000095700000, 0x00000000daf00000)
  object space 76800K, 2% used [0x0000000090c00000,0x0000000090e1a9a0,0x0000000095700000)
 Metaspace       used 12406K, capacity 12590K, committed 12800K, reserved 1064960K
  class space    used 1592K, capacity 1676K, committed 1792K, reserved 1048576K
Event: 1.086 GC heap after
Heap after GC invocations=3 (full 0):
 PSYoungGen      total 61952K, used 4376K [0x00000000daf00000, 0x00000000df000000, 0x0000000100000000)
  eden space 57344K, 0% used [0x00000000daf00000,0x00000000daf00000,0x00000000de700000)
  from space 4608K, 94% used [0x00000000de700000,0x00000000deb46160,0x00000000deb80000)
  to   space 4608K, 0% used [0x00000000deb80000,0x00000000deb80000,0x00000000df000000)
 ParOldGen       total 76800K, used 2162K [0x0000000090c00000, 0x0000000095700000, 0x00000000daf00000)
  object space 76800K, 2% used [0x0000000090c00000,0x0000000090e1c9a0,0x0000000095700000)
 Metaspace       used 12406K, capacity 12590K, committed 12800K, reserved 1064960K
  class space    used 1592K, capacity 1676K, committed 1792K, reserved 1048576K
}
Event: 1.086 GC heap before
{Heap before GC invocations=4 (full 1):
 PSYoungGen      total 61952K, used 4376K [0x00000000daf00000, 0x00000000df000000, 0x0000000100000000)
  eden space 57344K, 0% used [0x00000000daf00000,0x00000000daf00000,0x00000000de700000)
  from space 4608K, 94% used [0x00000000de700000,0x00000000deb46160,0x00000000deb80000)
  to   space 4608K, 0% used [0x00000000deb80000,0x00000000deb80000,0x00000000df000000)
 ParOldGen       total 76800K, used 2162K [0x0000000090c00000, 0x0000000095700000, 0x00000000daf00000)
  object space 76800K, 2% used [0x0000000090c00000,0x0000000090e1c9a0,0x0000000095700000)
 Metaspace       used 12406K, capacity 12590K, committed 12800K, reserved 1064960K
  class space    used 1592K, capacity 1676K, committed 1792K, reserved 1048576K
Event: 1.110 GC heap after
Heap after GC invocations=4 (full 1):
 PSYoungGen      total 61952K, used 0K [0x00000000daf00000, 0x00000000df000000, 0x0000000100000000)
  eden space 57344K, 0% used [0x00000000daf00000,0x00000000daf00000,0x00000000de700000)
  from space 4608K, 0% used [0x00000000de700000,0x00000000de700000,0x00000000deb80000)
  to   space 4608K, 0% used [0x00000000deb80000,0x00000000deb80000,0x00000000df000000)
 ParOldGen       total 51200K, used 4246K [0x0000000090c00000, 0x0000000093e00000, 0x00000000daf00000)
  object space 51200K, 8% used [0x0000000090c00000,0x0000000091025b28,0x0000000093e00000)
 Metaspace       used 12406K, capacity 12590K, committed 12800K, reserved 1062912K
  class space    used 1592K, capacity 1676K, committed 1792K, reserved 1048576K
}

